[    28.083] (--) Log file renamed from "/home/abdijabar/.local/share/xorg/Xorg.pid-1469.log" to "/home/abdijabar/.local/share/xorg/Xorg.0.log"
[    28.084] 
X.Org X Server 1.20.11
X Protocol Version 11, Revision 0
[    28.084] Build Operating System: linux Ubuntu
[    28.084] Current Operating System: Linux abdijabar-HP-EliteBook-840-G3 5.11.0-27-generic #29~20.04.1-Ubuntu SMP Wed Aug 11 15:58:17 UTC 2021 x86_64
[    28.084] Kernel command line: BOOT_IMAGE=/boot/vmlinuz-5.11.0-27-generic root=UUID=bdcd313d-f461-42f8-a7bc-1dd730439df7 ro quiet splash vt.handoff=7
[    28.084] Build Date: 06 July 2021  10:17:51AM
[    28.084] xorg-server 2:1.20.11-1ubuntu1~20.04.2 (For technical support please see http://www.ubuntu.com/support) 
[    28.084] Current version of pixman: 0.38.4
[    28.084] 	Before reporting problems, check http://wiki.x.org
	to make sure that you have the latest version.
[    28.084] Markers: (--) probed, (**) from config file, (==) default setting,
	(++) from command line, (!!) notice, (II) informational,
	(WW) warning, (EE) error, (NI) not implemented, (??) unknown.
[    28.084] (==) Log file: "/home/abdijabar/.local/share/xorg/Xorg.0.log", Time: Tue Nov 30 13:59:33 2021
[    28.085] (==) Using system config directory "/usr/share/X11/xorg.conf.d"
[    28.086] (==) No Layout section.  Using the first Screen section.
[    28.086] (==) No screen section available. Using defaults.
[    28.086] (**) |-->Screen "Default Screen Section" (0)
[    28.086] (**) |   |-->Monitor "<default monitor>"
[    28.087] (==) No monitor specified for screen "Default Screen Section".
	Using a default monitor configuration.
[    28.087] (==) Automatically adding devices
[    28.087] (==) Automatically enabling devices
[    28.087] (==) Automatically adding GPU devices
[    28.087] (==) Automatically binding GPU devices
[    28.087] (==) Max clients allowed: 256, resource mask: 0x1fffff
[    28.087] (WW) The directory "/usr/share/fonts/X11/cyrillic" does not exist.
[    28.087] 	Entry deleted from font path.
[    28.087] (WW) The directory "/usr/share/fonts/X11/100dpi/" does not exist.
[    28.088] 	Entry deleted from font path.
[    28.088] (WW) The directory "/usr/share/fonts/X11/75dpi/" does not exist.
[    28.088] 	Entry deleted from font path.
[    28.088] (WW) The directory "/usr/share/fonts/X11/100dpi" does not exist.
[    28.088] 	Entry deleted from font path.
[    28.088] (WW) The directory "/usr/share/fonts/X11/75dpi" does not exist.
[    28.088] 	Entry deleted from font path.
[    28.088] (==) FontPath set to:
	/usr/share/fonts/X11/misc,
	/usr/share/fonts/X11/Type1,
	built-ins
[    28.088] (==) ModulePath set to "/usr/lib/xorg/modules"
[    28.088] (II) The server relies on udev to provide the list of input devices.
	If no devices become available, reconfigure udev or disable AutoAddDevices.
[    28.088] (II) Loader magic: 0x5633f5bca020
[    28.088] (II) Module ABI versions:
[    28.088] 	X.Org ANSI C Emulation: 0.4
[    28.088] 	X.Org Video Driver: 24.1
[    28.088] 	X.Org XInput driver : 24.1
[    28.088] 	X.Org Server Extension : 10.0
[    28.089] (++) using VT number 2

[    28.093] (II) systemd-logind: took control of session /org/freedesktop/login1/session/_32
[    28.094] (II) xfree86: Adding drm device (/dev/dri/card0)
[    28.095] (II) systemd-logind: got fd for /dev/dri/card0 226:0 fd 12 paused 0
[    28.098] (--) PCI:*(0@0:2:0) 8086:1916:103c:8079 rev 7, Mem @ 0xe0000000/16777216, 0xd0000000/268435456, I/O @ 0x00003000/64, BIOS @ 0x????????/131072
[    28.099] (II) LoadModule: "glx"
[    28.101] (II) Loading /usr/lib/xorg/modules/extensions/libglx.so
[    28.104] (II) Module glx: vendor="X.Org Foundation"
[    28.104] 	compiled for 1.20.11, module version = 1.0.0
[    28.104] 	ABI class: X.Org Server Extension, version 10.0
[    28.104] (==) Matched modesetting as autoconfigured driver 0
[    28.104] (==) Matched fbdev as autoconfigured driver 1
[    28.104] (==) Matched vesa as autoconfigured driver 2
[    28.104] (==) Assigned the driver to the xf86ConfigLayout
[    28.104] (II) LoadModule: "modesetting"
[    28.104] (II) Loading /usr/lib/xorg/modules/drivers/modesetting_drv.so
[    28.105] (II) Module modesetting: vendor="X.Org Foundation"
[    28.105] 	compiled for 1.20.11, module version = 1.20.11
[    28.105] 	Module class: X.Org Video Driver
[    28.105] 	ABI class: X.Org Video Driver, version 24.1
[    28.105] (II) LoadModule: "fbdev"
[    28.105] (II) Loading /usr/lib/xorg/modules/drivers/fbdev_drv.so
[    28.105] (II) Module fbdev: vendor="X.Org Foundation"
[    28.105] 	compiled for 1.20.1, module version = 0.5.0
[    28.105] 	Module class: X.Org Video Driver
[    28.105] 	ABI class: X.Org Video Driver, version 24.0
[    28.105] (II) LoadModule: "vesa"
[    28.106] (II) Loading /usr/lib/xorg/modules/drivers/vesa_drv.so
[    28.106] (II) Module vesa: vendor="X.Org Foundation"
[    28.106] 	compiled for 1.20.4, module version = 2.4.0
[    28.106] 	Module class: X.Org Video Driver
[    28.106] 	ABI class: X.Org Video Driver, version 24.0
[    28.106] (II) modesetting: Driver for Modesetting Kernel Drivers: kms
[    28.106] (II) FBDEV: driver for framebuffer: fbdev
[    28.106] (II) VESA: driver for VESA chipsets: vesa
[    28.106] xf86EnableIOPorts: failed to set IOPL for I/O (Operation not permitted)
[    28.106] (II) modeset(0): using drv /dev/dri/card0
[    28.106] (WW) Falling back to old probe method for fbdev
[    28.106] (II) Loading sub module "fbdevhw"
[    28.106] (II) LoadModule: "fbdevhw"
[    28.106] (II) Loading /usr/lib/xorg/modules/libfbdevhw.so
[    28.107] (II) Module fbdevhw: vendor="X.Org Foundation"
[    28.107] 	compiled for 1.20.11, module version = 0.0.2
[    28.107] 	ABI class: X.Org Video Driver, version 24.1
[    28.107] (EE) open /dev/fb0: Permission denied
[    28.107] (WW) VGA arbiter: cannot open kernel arbiter, no multi-card support
[    28.107] (II) modeset(0): Creating default Display subsection in Screen section
	"Default Screen Section" for depth/fbbpp 24/32
[    28.107] (==) modeset(0): Depth 24, (==) framebuffer bpp 32
[    28.107] (==) modeset(0): RGB weight 888
[    28.107] (==) modeset(0): Default visual is TrueColor
[    28.107] (II) Loading sub module "glamoregl"
[    28.107] (II) LoadModule: "glamoregl"
[    28.107] (II) Loading /usr/lib/xorg/modules/libglamoregl.so
[    28.112] (II) Module glamoregl: vendor="X.Org Foundation"
[    28.112] 	compiled for 1.20.11, module version = 1.0.1
[    28.112] 	ABI class: X.Org ANSI C Emulation, version 0.4
[    28.152] (II) modeset(0): glamor X acceleration enabled on Mesa Intel(R) HD Graphics 520 (SKL GT2)
[    28.152] (II) modeset(0): glamor initialized
[    28.153] (II) modeset(0): Output eDP-1 has no monitor section
[    28.153] (II) modeset(0): Output DP-1 has no monitor section
[    28.158] (II) modeset(0): Output HDMI-1 has no monitor section
[    28.158] (II) modeset(0): Output DP-2 has no monitor section
[    28.162] (II) modeset(0): Output HDMI-2 has no monitor section
[    28.163] (II) modeset(0): EDID for output eDP-1
[    28.163] (II) modeset(0): Manufacturer: AUO  Model: 2e3c  Serial#: 0
[    28.163] (II) modeset(0): Year: 2013  Week: 0
[    28.163] (II) modeset(0): EDID Version: 1.4
[    28.163] (II) modeset(0): Digital Display Input
[    28.163] (II) modeset(0): 6 bits per channel
[    28.163] (II) modeset(0): Digital interface is DisplayPort
[    28.163] (II) modeset(0): Max Image Size [cm]: horiz.: 31  vert.: 17
[    28.163] (II) modeset(0): Gamma: 2.20
[    28.163] (II) modeset(0): No DPMS capabilities specified
[    28.163] (II) modeset(0): Supported color encodings: RGB 4:4:4 
[    28.163] (II) modeset(0): First detailed timing is preferred mode
[    28.163] (II) modeset(0): Preferred mode is native pixel format and refresh rate
[    28.163] (II) modeset(0): redX: 0.580 redY: 0.335   greenX: 0.330 greenY: 0.565
[    28.163] (II) modeset(0): blueX: 0.155 blueY: 0.140   whiteX: 0.313 whiteY: 0.329
[    28.163] (II) modeset(0): Manufacturer's mask: 0
[    28.163] (II) modeset(0): Supported detailed timing:
[    28.163] (II) modeset(0): clock: 76.3 MHz   Image Size:  309 x 173 mm
[    28.163] (II) modeset(0): h_active: 1366  h_sync: 1404  h_sync_end 1426 h_blank_end 1592 h_border: 0
[    28.163] (II) modeset(0): v_active: 768  v_sync: 771  v_sync_end 777 v_blanking: 798 v_border: 0
[    28.163] (II) modeset(0): Supported detailed timing:
[    28.163] (II) modeset(0): clock: 50.9 MHz   Image Size:  309 x 173 mm
[    28.163] (II) modeset(0): h_active: 1366  h_sync: 1404  h_sync_end 1426 h_blank_end 1592 h_border: 0
[    28.163] (II) modeset(0): v_active: 768  v_sync: 771  v_sync_end 777 v_blanking: 798 v_border: 0
[    28.163] (II) modeset(0): Unknown vendor-specific block 2
[    28.163] (II) modeset(0): EDID (in hex):
[    28.163] (II) modeset(0): 	00ffffffffffff0006af3c2e00000000
[    28.163] (II) modeset(0): 	00170104951f117802bbf59455549027
[    28.163] (II) modeset(0): 	23505400000001010101010101010101
[    28.163] (II) modeset(0): 	010101010101ce1d56e250001e302616
[    28.163] (II) modeset(0): 	360035ad10000018df1356e250001e30
[    28.163] (II) modeset(0): 	2616360035ad10000018000000000000
[    28.163] (II) modeset(0): 	00000000000000000000000000000002
[    28.163] (II) modeset(0): 	001048ff0f3c6e1f14226e202020005b
[    28.164] (II) modeset(0): Printing probed modes for output eDP-1
[    28.164] (II) modeset(0): Modeline "1366x768"x60.1   76.30  1366 1404 1426 1592  768 771 777 798 -hsync -vsync (47.9 kHz eP)
[    28.164] (II) modeset(0): Modeline "1366x768"x40.0   50.87  1366 1404 1426 1592  768 771 777 798 -hsync -vsync (32.0 kHz e)
[    28.164] (II) modeset(0): Modeline "1360x768"x59.8   84.75  1360 1432 1568 1776  768 771 781 798 -hsync +vsync (47.7 kHz d)
[    28.164] (II) modeset(0): Modeline "1360x768"x60.0   72.00  1360 1408 1440 1520  768 771 781 790 +hsync -vsync (47.4 kHz d)
[    28.164] (II) modeset(0): Modeline "1280x720"x120.0  156.12  1280 1376 1512 1744  720 721 724 746 doublescan -hsync +vsync (89.5 kHz d)
[    28.164] (II) modeset(0): Modeline "1280x720"x120.0  120.75  1280 1304 1320 1360  720 721 724 740 doublescan +hsync -vsync (88.8 kHz d)
[    28.164] (II) modeset(0): Modeline "1280x720"x59.9   74.50  1280 1344 1472 1664  720 723 728 748 -hsync +vsync (44.8 kHz d)
[    28.164] (II) modeset(0): Modeline "1280x720"x59.7   63.75  1280 1328 1360 1440  720 723 728 741 +hsync -vsync (44.3 kHz d)
[    28.164] (II) modeset(0): Modeline "1024x768"x120.1  133.47  1024 1100 1212 1400  768 768 770 794 doublescan -hsync +vsync (95.3 kHz d)
[    28.164] (II) modeset(0): Modeline "1024x768"x60.0   65.00  1024 1048 1184 1344  768 771 777 806 -hsync -vsync (48.4 kHz d)
[    28.164] (II) modeset(0): Modeline "960x720"x120.0  117.00  960 1024 1128 1300  720 720 722 750 doublescan -hsync +vsync (90.0 kHz d)
[    28.164] (II) modeset(0): Modeline "928x696"x120.1  109.15  928 976 1088 1264  696 696 698 719 doublescan -hsync +vsync (86.4 kHz d)
[    28.164] (II) modeset(0): Modeline "896x672"x120.0  102.40  896 960 1060 1224  672 672 674 697 doublescan -hsync +vsync (83.7 kHz d)
[    28.164] (II) modeset(0): Modeline "1024x576"x119.9   98.50  1024 1092 1200 1376  576 577 580 597 doublescan -hsync +vsync (71.6 kHz d)
[    28.164] (II) modeset(0): Modeline "1024x576"x119.9   78.38  1024 1048 1064 1104  576 577 580 592 doublescan +hsync -vsync (71.0 kHz d)
[    28.164] (II) modeset(0): Modeline "1024x576"x59.9   46.50  1024 1064 1160 1296  576 579 584 599 -hsync +vsync (35.9 kHz d)
[    28.165] (II) modeset(0): Modeline "1024x576"x59.8   42.00  1024 1072 1104 1184  576 579 584 593 +hsync -vsync (35.5 kHz d)
[    28.165] (II) modeset(0): Modeline "960x600"x119.9   96.62  960 1028 1128 1296  600 601 604 622 doublescan -hsync +vsync (74.6 kHz d)
[    28.165] (II) modeset(0): Modeline "960x600"x120.0   77.00  960 984 1000 1040  600 601 604 617 doublescan +hsync -vsync (74.0 kHz d)
[    28.165] (II) modeset(0): Modeline "960x540"x119.9   86.50  960 1024 1124 1288  540 541 544 560 doublescan -hsync +vsync (67.2 kHz d)
[    28.165] (II) modeset(0): Modeline "960x540"x120.0   69.25  960 984 1000 1040  540 541 544 555 doublescan +hsync -vsync (66.6 kHz d)
[    28.165] (II) modeset(0): Modeline "960x540"x59.6   40.75  960 992 1088 1216  540 543 548 562 -hsync +vsync (33.5 kHz d)
[    28.165] (II) modeset(0): Modeline "960x540"x59.8   37.25  960 1008 1040 1120  540 543 548 556 +hsync -vsync (33.3 kHz d)
[    28.165] (II) modeset(0): Modeline "800x600"x120.0   81.00  800 832 928 1080  600 600 602 625 doublescan +hsync +vsync (75.0 kHz d)
[    28.165] (II) modeset(0): Modeline "800x600"x60.3   40.00  800 840 968 1056  600 601 605 628 +hsync +vsync (37.9 kHz d)
[    28.165] (II) modeset(0): Modeline "800x600"x56.2   36.00  800 824 896 1024  600 601 603 625 +hsync +vsync (35.2 kHz d)
[    28.165] (II) modeset(0): Modeline "840x525"x120.0   73.12  840 892 980 1120  525 526 529 544 doublescan -hsync +vsync (65.3 kHz d)
[    28.165] (II) modeset(0): Modeline "840x525"x119.8   59.50  840 864 880 920  525 526 529 540 doublescan +hsync -vsync (64.7 kHz d)
[    28.165] (II) modeset(0): Modeline "864x486"x59.9   32.50  864 888 968 1072  486 489 494 506 -hsync +vsync (30.3 kHz d)
[    28.165] (II) modeset(0): Modeline "864x486"x59.6   30.50  864 912 944 1024  486 489 494 500 +hsync -vsync (29.8 kHz d)
[    28.165] (II) modeset(0): Modeline "800x512"x120.3   51.56  800 800 828 832  512 512 514 515 doublescan +hsync +vsync (62.0 kHz d)
[    28.165] (II) modeset(0): Modeline "700x525"x120.0   61.00  700 744 820 940  525 526 532 541 doublescan +hsync +vsync (64.9 kHz d)
[    28.165] (II) modeset(0): Modeline "800x450"x119.9   59.12  800 848 928 1056  450 451 454 467 doublescan -hsync +vsync (56.0 kHz d)
[    28.165] (II) modeset(0): Modeline "800x450"x119.6   48.75  800 824 840 880  450 451 454 463 doublescan +hsync -vsync (55.4 kHz d)
[    28.165] (II) modeset(0): Modeline "640x512"x120.0   54.00  640 664 720 844  512 512 514 533 doublescan +hsync +vsync (64.0 kHz d)
[    28.165] (II) modeset(0): Modeline "720x450"x119.8   53.25  720 760 836 952  450 451 454 467 doublescan -hsync +vsync (55.9 kHz d)
[    28.165] (II) modeset(0): Modeline "700x450"x119.9   51.75  700 740 812 924  450 451 456 467 doublescan -hsync +vsync (56.0 kHz d)
[    28.165] (II) modeset(0): Modeline "700x450"x119.8   43.25  700 724 740 780  450 451 456 463 doublescan +hsync -vsync (55.4 kHz d)
[    28.165] (II) modeset(0): Modeline "640x480"x120.0   54.00  640 688 744 900  480 480 482 500 doublescan +hsync +vsync (60.0 kHz d)
[    28.165] (II) modeset(0): Modeline "640x480"x59.9   25.18  640 656 752 800  480 490 492 525 -hsync -vsync (31.5 kHz d)
[    28.165] (II) modeset(0): Modeline "720x405"x59.5   22.50  720 744 808 896  405 408 413 422 -hsync +vsync (25.1 kHz d)
[    28.165] (II) modeset(0): Modeline "720x405"x59.0   21.75  720 768 800 880  405 408 413 419 +hsync -vsync (24.7 kHz d)
[    28.165] (II) modeset(0): Modeline "684x384"x119.8   42.62  684 720 788 892  384 385 390 399 doublescan -hsync +vsync (47.8 kHz d)
[    28.165] (II) modeset(0): Modeline "684x384"x119.7   36.12  684 708 724 764  384 385 390 395 doublescan +hsync -vsync (47.3 kHz d)
[    28.165] (II) modeset(0): Modeline "680x384"x119.6   42.38  680 716 784 888  384 385 390 399 doublescan -hsync +vsync (47.7 kHz d)
[    28.165] (II) modeset(0): Modeline "680x384"x119.9   36.00  680 704 720 760  384 385 390 395 doublescan +hsync -vsync (47.4 kHz d)
[    28.165] (II) modeset(0): Modeline "640x400"x119.8   41.75  640 676 740 840  400 401 404 415 doublescan -hsync +vsync (49.7 kHz d)
[    28.165] (II) modeset(0): Modeline "640x400"x120.0   35.50  640 664 680 720  400 401 404 411 doublescan +hsync -vsync (49.3 kHz d)
[    28.165] (II) modeset(0): Modeline "576x432"x120.1   40.81  576 608 668 760  432 432 434 447 doublescan -hsync +vsync (53.7 kHz d)
[    28.165] (II) modeset(0): Modeline "640x360"x119.7   37.25  640 672 736 832  360 361 364 374 doublescan -hsync +vsync (44.8 kHz d)
[    28.165] (II) modeset(0): Modeline "640x360"x119.7   31.88  640 664 680 720  360 361 364 370 doublescan +hsync -vsync (44.3 kHz d)
[    28.165] (II) modeset(0): Modeline "640x360"x59.8   18.00  640 664 720 800  360 363 368 376 -hsync +vsync (22.5 kHz d)
[    28.165] (II) modeset(0): Modeline "640x360"x59.3   17.75  640 688 720 800  360 363 368 374 +hsync -vsync (22.2 kHz d)
[    28.165] (II) modeset(0): Modeline "512x384"x120.0   32.50  512 524 592 672  384 385 388 403 doublescan -hsync -vsync (48.4 kHz d)
[    28.165] (II) modeset(0): Modeline "512x288"x120.0   23.25  512 532 580 648  288 289 292 299 doublescan -hsync +vsync (35.9 kHz d)
[    28.165] (II) modeset(0): Modeline "512x288"x119.8   21.00  512 536 552 592  288 289 292 296 doublescan +hsync -vsync (35.5 kHz d)
[    28.165] (II) modeset(0): Modeline "480x270"x119.3   20.38  480 496 544 608  270 271 274 281 doublescan -hsync +vsync (33.5 kHz d)
[    28.165] (II) modeset(0): Modeline "480x270"x119.6   18.62  480 504 520 560  270 271 274 278 doublescan +hsync -vsync (33.3 kHz d)
[    28.165] (II) modeset(0): Modeline "400x300"x120.6   20.00  400 420 484 528  300 300 302 314 doublescan +hsync +vsync (37.9 kHz d)
[    28.165] (II) modeset(0): Modeline "400x300"x112.7   18.00  400 412 448 512  300 300 301 312 doublescan +hsync +vsync (35.2 kHz d)
[    28.165] (II) modeset(0): Modeline "432x243"x119.8   16.25  432 444 484 536  243 244 247 253 doublescan -hsync +vsync (30.3 kHz d)
[    28.165] (II) modeset(0): Modeline "432x243"x119.1   15.25  432 456 472 512  243 244 247 250 doublescan +hsync -vsync (29.8 kHz d)
[    28.165] (II) modeset(0): Modeline "320x240"x120.1   12.59  320 328 376 400  240 245 246 262 doublescan -hsync -vsync (31.5 kHz d)
[    28.165] (II) modeset(0): Modeline "360x202"x119.0   11.25  360 372 404 448  202 204 206 211 doublescan -hsync +vsync (25.1 kHz d)
[    28.165] (II) modeset(0): Modeline "360x202"x118.3   10.88  360 384 400 440  202 204 206 209 doublescan +hsync -vsync (24.7 kHz d)
[    28.165] (II) modeset(0): Modeline "320x180"x119.7    9.00  320 332 360 400  180 181 184 188 doublescan -hsync +vsync (22.5 kHz d)
[    28.165] (II) modeset(0): Modeline "320x180"x118.6    8.88  320 344 360 400  180 181 184 187 doublescan +hsync -vsync (22.2 kHz d)
[    28.165] (II) modeset(0): EDID for output DP-1
[    28.169] (II) modeset(0): EDID for output HDMI-1
[    28.169] (II) modeset(0): EDID for output DP-2
[    28.174] (II) modeset(0): EDID for output HDMI-2
[    28.174] (II) modeset(0): Output eDP-1 connected
[    28.174] (II) modeset(0): Output DP-1 disconnected
[    28.174] (II) modeset(0): Output HDMI-1 disconnected
[    28.174] (II) modeset(0): Output DP-2 disconnected
[    28.174] (II) modeset(0): Output HDMI-2 disconnected
[    28.174] (II) modeset(0): Using exact sizes for initial modes
[    28.174] (II) modeset(0): Output eDP-1 using initial mode 1366x768 +0+0
[    28.174] (==) modeset(0): Using gamma correction (1.0, 1.0, 1.0)
[    28.174] (==) modeset(0): DPI set to (96, 96)
[    28.174] (II) Loading sub module "fb"
[    28.174] (II) LoadModule: "fb"
[    28.174] (II) Loading /usr/lib/xorg/modules/libfb.so
[    28.175] (II) Module fb: vendor="X.Org Foundation"
[    28.175] 	compiled for 1.20.11, module version = 1.0.0
[    28.175] 	ABI class: X.Org ANSI C Emulation, version 0.4
[    28.175] (II) UnloadModule: "fbdev"
[    28.175] (II) Unloading fbdev
[    28.175] (II) UnloadSubModule: "fbdevhw"
[    28.175] (II) Unloading fbdevhw
[    28.175] (II) UnloadModule: "vesa"
[    28.175] (II) Unloading vesa
[    28.189] (==) modeset(0): Backing store enabled
[    28.189] (==) modeset(0): Silken mouse enabled
[    28.264] (II) modeset(0): Initializing kms color map for depth 24, 8 bpc.
[    28.264] (==) modeset(0): DPMS enabled
[    28.264] (II) modeset(0): [DRI2] Setup complete
[    28.264] (II) modeset(0): [DRI2]   DRI driver: iris
[    28.264] (II) modeset(0): [DRI2]   VDPAU driver: va_gl
[    28.264] (II) Initializing extension Generic Event Extension
[    28.265] (II) Initializing extension SHAPE
[    28.265] (II) Initializing extension MIT-SHM
[    28.265] (II) Initializing extension XInputExtension
[    28.266] (II) Initializing extension XTEST
[    28.266] (II) Initializing extension BIG-REQUESTS
[    28.266] (II) Initializing extension SYNC
[    28.266] (II) Initializing extension XKEYBOARD
[    28.266] (II) Initializing extension XC-MISC
[    28.266] (II) Initializing extension SECURITY
[    28.266] (II) Initializing extension XFIXES
[    28.266] (II) Initializing extension RENDER
[    28.266] (II) Initializing extension RANDR
[    28.267] (II) Initializing extension COMPOSITE
[    28.267] (II) Initializing extension DAMAGE
[    28.267] (II) Initializing extension MIT-SCREEN-SAVER
[    28.267] (II) Initializing extension DOUBLE-BUFFER
[    28.267] (II) Initializing extension RECORD
[    28.267] (II) Initializing extension DPMS
[    28.267] (II) Initializing extension Present
[    28.267] (II) Initializing extension DRI3
[    28.267] (II) Initializing extension X-Resource
[    28.268] (II) Initializing extension XVideo
[    28.268] (II) Initializing extension XVideo-MotionCompensation
[    28.268] (II) Initializing extension SELinux
[    28.268] (II) SELinux: Disabled on system
[    28.268] (II) Initializing extension GLX
[    28.277] (II) AIGLX: Loaded and initialized iris
[    28.277] (II) GLX: Initialized DRI2 GL provider for screen 0
[    28.277] (II) Initializing extension XFree86-VidModeExtension
[    28.277] (II) Initializing extension XFree86-DGA
[    28.277] (II) Initializing extension XFree86-DRI
[    28.277] (II) Initializing extension DRI2
[    28.278] (II) modeset(0): Damage tracking initialized
[    28.278] (II) modeset(0): Setting screen physical size to 361 x 203
[    28.329] (II) config/udev: Adding input device Power Button (/dev/input/event2)
[    28.329] (**) Power Button: Applying InputClass "libinput keyboard catchall"
[    28.329] (II) LoadModule: "libinput"
[    28.330] (II) Loading /usr/lib/xorg/modules/input/libinput_drv.so
[    28.332] (II) Module libinput: vendor="X.Org Foundation"
[    28.332] 	compiled for 1.20.4, module version = 0.29.0
[    28.332] 	Module class: X.Org XInput Driver
[    28.332] 	ABI class: X.Org XInput driver, version 24.1
[    28.332] (II) Using input driver 'libinput' for 'Power Button'
[    28.333] (II) systemd-logind: got fd for /dev/input/event2 13:66 fd 26 paused 0
[    28.333] (**) Power Button: always reports core events
[    28.333] (**) Option "Device" "/dev/input/event2"
[    28.333] (**) Option "_source" "server/udev"
[    28.335] (II) event2  - Power Button: is tagged by udev as: Keyboard
[    28.335] (II) event2  - Power Button: device is a keyboard
[    28.335] (II) event2  - Power Button: device removed
[    28.336] (**) Option "config_info" "udev:/sys/devices/LNXSYSTM:00/LNXPWRBN:00/input/input2/event2"
[    28.336] (II) XINPUT: Adding extended input device "Power Button" (type: KEYBOARD, id 6)
[    28.336] (**) Option "xkb_model" "pc105"
[    28.336] (**) Option "xkb_layout" "us"
[    28.337] (II) event2  - Power Button: is tagged by udev as: Keyboard
[    28.337] (II) event2  - Power Button: device is a keyboard
[    28.337] (II) config/udev: Adding input device Video Bus (/dev/input/event14)
[    28.337] (**) Video Bus: Applying InputClass "libinput keyboard catchall"
[    28.337] (II) Using input driver 'libinput' for 'Video Bus'
[    28.338] (II) systemd-logind: got fd for /dev/input/event14 13:78 fd 29 paused 0
[    28.338] (**) Video Bus: always reports core events
[    28.338] (**) Option "Device" "/dev/input/event14"
[    28.338] (**) Option "_source" "server/udev"
[    28.339] (II) event14 - Video Bus: is tagged by udev as: Keyboard
[    28.339] (II) event14 - Video Bus: device is a keyboard
[    28.339] (II) event14 - Video Bus: device removed
[    28.340] (**) Option "config_info" "udev:/sys/devices/LNXSYSTM:00/LNXSYBUS:00/PNP0A08:00/LNXVIDEO:00/input/input20/event14"
[    28.340] (II) XINPUT: Adding extended input device "Video Bus" (type: KEYBOARD, id 7)
[    28.340] (**) Option "xkb_model" "pc105"
[    28.340] (**) Option "xkb_layout" "us"
[    28.341] (II) event14 - Video Bus: is tagged by udev as: Keyboard
[    28.341] (II) event14 - Video Bus: device is a keyboard
[    28.341] (II) config/udev: Adding input device Lid Switch (/dev/input/event1)
[    28.341] (II) No input driver specified, ignoring this device.
[    28.341] (II) This device may have been added with another device file.
[    28.342] (II) config/udev: Adding input device Sleep Button (/dev/input/event0)
[    28.342] (**) Sleep Button: Applying InputClass "libinput keyboard catchall"
[    28.342] (II) Using input driver 'libinput' for 'Sleep Button'
[    28.342] (II) systemd-logind: got fd for /dev/input/event0 13:64 fd 30 paused 0
[    28.342] (**) Sleep Button: always reports core events
[    28.342] (**) Option "Device" "/dev/input/event0"
[    28.342] (**) Option "_source" "server/udev"
[    28.343] (II) event0  - Sleep Button: is tagged by udev as: Keyboard
[    28.343] (II) event0  - Sleep Button: device is a keyboard
[    28.343] (II) event0  - Sleep Button: device removed
[    28.344] (**) Option "config_info" "udev:/sys/devices/LNXSYSTM:00/LNXSYBUS:00/PNP0C0E:00/input/input0/event0"
[    28.344] (II) XINPUT: Adding extended input device "Sleep Button" (type: KEYBOARD, id 8)
[    28.344] (**) Option "xkb_model" "pc105"
[    28.344] (**) Option "xkb_layout" "us"
[    28.345] (II) event0  - Sleep Button: is tagged by udev as: Keyboard
[    28.345] (II) event0  - Sleep Button: device is a keyboard
[    28.347] (II) config/udev: Adding input device Telink Wireless Receiver Mouse (/dev/input/event5)
[    28.347] (**) Telink Wireless Receiver Mouse: Applying InputClass "libinput pointer catchall"
[    28.347] (II) Using input driver 'libinput' for 'Telink Wireless Receiver Mouse'
[    28.348] (II) systemd-logind: got fd for /dev/input/event5 13:69 fd 31 paused 0
[    28.348] (**) Telink Wireless Receiver Mouse: always reports core events
[    28.348] (**) Option "Device" "/dev/input/event5"
[    28.348] (**) Option "_source" "server/udev"
[    28.349] (II) event5  - Telink Wireless Receiver Mouse: is tagged by udev as: Mouse
[    28.349] (II) event5  - Telink Wireless Receiver Mouse: device is a pointer
[    28.350] (II) event5  - Telink Wireless Receiver Mouse: device removed
[    28.350] (**) Option "config_info" "udev:/sys/devices/pci0000:00/0000:00:14.0/usb1/1-2/1-2:1.0/0003:248A:8514.0001/input/input11/event5"
[    28.350] (II) XINPUT: Adding extended input device "Telink Wireless Receiver Mouse" (type: MOUSE, id 9)
[    28.350] (**) Option "AccelerationScheme" "none"
[    28.350] (**) Telink Wireless Receiver Mouse: (accel) selected scheme none/0
[    28.350] (**) Telink Wireless Receiver Mouse: (accel) acceleration factor: 2.000
[    28.351] (**) Telink Wireless Receiver Mouse: (accel) acceleration threshold: 4
[    28.353] (II) event5  - Telink Wireless Receiver Mouse: is tagged by udev as: Mouse
[    28.353] (II) event5  - Telink Wireless Receiver Mouse: device is a pointer
[    28.354] (II) config/udev: Adding input device Telink Wireless Receiver Mouse (/dev/input/mouse1)
[    28.354] (II) No input driver specified, ignoring this device.
[    28.354] (II) This device may have been added with another device file.
[    28.355] (II) config/udev: Adding input device Telink Wireless Receiver Consumer Control (/dev/input/event6)
[    28.355] (**) Telink Wireless Receiver Consumer Control: Applying InputClass "libinput keyboard catchall"
[    28.355] (II) Using input driver 'libinput' for 'Telink Wireless Receiver Consumer Control'
[    28.356] (II) systemd-logind: got fd for /dev/input/event6 13:70 fd 32 paused 0
[    28.356] (**) Telink Wireless Receiver Consumer Control: always reports core events
[    28.356] (**) Option "Device" "/dev/input/event6"
[    28.356] (**) Option "_source" "server/udev"
[    28.357] (II) event6  - Telink Wireless Receiver Consumer Control: is tagged by udev as: Keyboard
[    28.357] (II) event6  - Telink Wireless Receiver Consumer Control: device is a keyboard
[    28.358] (II) event6  - Telink Wireless Receiver Consumer Control: device removed
[    28.358] (II) libinput: Telink Wireless Receiver Consumer Control: needs a virtual subdevice
[    28.358] (**) Option "config_info" "udev:/sys/devices/pci0000:00/0000:00:14.0/usb1/1-2/1-2:1.0/0003:248A:8514.0001/input/input12/event6"
[    28.358] (II) XINPUT: Adding extended input device "Telink Wireless Receiver Consumer Control" (type: MOUSE, id 10)
[    28.358] (**) Option "AccelerationScheme" "none"
[    28.358] (**) Telink Wireless Receiver Consumer Control: (accel) selected scheme none/0
[    28.358] (**) Telink Wireless Receiver Consumer Control: (accel) acceleration factor: 2.000
[    28.358] (**) Telink Wireless Receiver Consumer Control: (accel) acceleration threshold: 4
[    28.360] (II) event6  - Telink Wireless Receiver Consumer Control: is tagged by udev as: Keyboard
[    28.360] (II) event6  - Telink Wireless Receiver Consumer Control: device is a keyboard
[    28.361] (II) config/udev: Adding input device Telink Wireless Receiver System Control (/dev/input/event7)
[    28.361] (**) Telink Wireless Receiver System Control: Applying InputClass "libinput keyboard catchall"
[    28.361] (II) Using input driver 'libinput' for 'Telink Wireless Receiver System Control'
[    28.361] (II) systemd-logind: got fd for /dev/input/event7 13:71 fd 33 paused 0
[    28.361] (**) Telink Wireless Receiver System Control: always reports core events
[    28.362] (**) Option "Device" "/dev/input/event7"
[    28.362] (**) Option "_source" "server/udev"
[    28.363] (II) event7  - Telink Wireless Receiver System Control: is tagged by udev as: Keyboard
[    28.363] (II) event7  - Telink Wireless Receiver System Control: device is a keyboard
[    28.364] (II) event7  - Telink Wireless Receiver System Control: device removed
[    28.364] (**) Option "config_info" "udev:/sys/devices/pci0000:00/0000:00:14.0/usb1/1-2/1-2:1.0/0003:248A:8514.0001/input/input13/event7"
[    28.364] (II) XINPUT: Adding extended input device "Telink Wireless Receiver System Control" (type: KEYBOARD, id 11)
[    28.364] (**) Option "xkb_model" "pc105"
[    28.364] (**) Option "xkb_layout" "us"
[    28.365] (II) event7  - Telink Wireless Receiver System Control: is tagged by udev as: Keyboard
[    28.365] (II) event7  - Telink Wireless Receiver System Control: device is a keyboard
[    28.367] (II) config/udev: Adding input device Telink Wireless Receiver (/dev/input/event8)
[    28.367] (**) Telink Wireless Receiver: Applying InputClass "libinput keyboard catchall"
[    28.367] (II) Using input driver 'libinput' for 'Telink Wireless Receiver'
[    28.368] (II) systemd-logind: got fd for /dev/input/event8 13:72 fd 34 paused 0
[    28.368] (**) Telink Wireless Receiver: always reports core events
[    28.368] (**) Option "Device" "/dev/input/event8"
[    28.368] (**) Option "_source" "server/udev"
[    28.369] (II) event8  - Telink Wireless Receiver: is tagged by udev as: Keyboard
[    28.369] (II) event8  - Telink Wireless Receiver: device is a keyboard
[    28.370] (II) event8  - Telink Wireless Receiver: device removed
[    28.370] (**) Option "config_info" "udev:/sys/devices/pci0000:00/0000:00:14.0/usb1/1-2/1-2:1.1/0003:248A:8514.0002/input/input14/event8"
[    28.370] (II) XINPUT: Adding extended input device "Telink Wireless Receiver" (type: KEYBOARD, id 12)
[    28.370] (**) Option "xkb_model" "pc105"
[    28.370] (**) Option "xkb_layout" "us"
[    28.372] (II) event8  - Telink Wireless Receiver: is tagged by udev as: Keyboard
[    28.372] (II) event8  - Telink Wireless Receiver: device is a keyboard
[    28.373] (II) config/udev: Adding input device HP HD Camera: HP HD Camera (/dev/input/event12)
[    28.373] (**) HP HD Camera: HP HD Camera: Applying InputClass "libinput keyboard catchall"
[    28.373] (II) Using input driver 'libinput' for 'HP HD Camera: HP HD Camera'
[    28.374] (II) systemd-logind: got fd for /dev/input/event12 13:76 fd 35 paused 0
[    28.374] (**) HP HD Camera: HP HD Camera: always reports core events
[    28.374] (**) Option "Device" "/dev/input/event12"
[    28.374] (**) Option "_source" "server/udev"
[    28.375] (II) event12 - HP HD Camera: HP HD Camera: is tagged by udev as: Keyboard
[    28.375] (II) event12 - HP HD Camera: HP HD Camera: device is a keyboard
[    28.375] (II) event12 - HP HD Camera: HP HD Camera: device removed
[    28.375] (**) Option "config_info" "udev:/sys/devices/pci0000:00/0000:00:14.0/usb1/1-9/1-9:1.0/input/input18/event12"
[    28.375] (II) XINPUT: Adding extended input device "HP HD Camera: HP HD Camera" (type: KEYBOARD, id 13)
[    28.375] (**) Option "xkb_model" "pc105"
[    28.375] (**) Option "xkb_layout" "us"
[    28.377] (II) event12 - HP HD Camera: HP HD Camera: is tagged by udev as: Keyboard
[    28.377] (II) event12 - HP HD Camera: HP HD Camera: device is a keyboard
[    28.377] (II) config/udev: Adding input device HDA Intel PCH Mic (/dev/input/event15)
[    28.378] (II) No input driver specified, ignoring this device.
[    28.378] (II) This device may have been added with another device file.
[    28.378] (II) config/udev: Adding input device HDA Intel PCH Line (/dev/input/event16)
[    28.378] (II) No input driver specified, ignoring this device.
[    28.378] (II) This device may have been added with another device file.
[    28.378] (II) config/udev: Adding input device HDA Intel PCH Dock Line Out (/dev/input/event17)
[    28.378] (II) No input driver specified, ignoring this device.
[    28.378] (II) This device may have been added with another device file.
[    28.379] (II) config/udev: Adding input device HDA Intel PCH Headphone (/dev/input/event18)
[    28.379] (II) No input driver specified, ignoring this device.
[    28.379] (II) This device may have been added with another device file.
[    28.379] (II) config/udev: Adding input device HDA Intel PCH HDMI/DP,pcm=3 (/dev/input/event19)
[    28.379] (II) No input driver specified, ignoring this device.
[    28.379] (II) This device may have been added with another device file.
[    28.380] (II) config/udev: Adding input device HDA Intel PCH HDMI/DP,pcm=7 (/dev/input/event20)
[    28.380] (II) No input driver specified, ignoring this device.
[    28.380] (II) This device may have been added with another device file.
[    28.380] (II) config/udev: Adding input device HDA Intel PCH HDMI/DP,pcm=8 (/dev/input/event21)
[    28.380] (II) No input driver specified, ignoring this device.
[    28.380] (II) This device may have been added with another device file.
[    28.381] (II) config/udev: Adding input device HDA Intel PCH HDMI/DP,pcm=9 (/dev/input/event22)
[    28.381] (II) No input driver specified, ignoring this device.
[    28.381] (II) This device may have been added with another device file.
[    28.381] (II) config/udev: Adding input device HDA Intel PCH HDMI/DP,pcm=10 (/dev/input/event23)
[    28.381] (II) No input driver specified, ignoring this device.
[    28.381] (II) This device may have been added with another device file.
[    28.382] (II) config/udev: Adding input device AT Translated Set 2 keyboard (/dev/input/event3)
[    28.382] (**) AT Translated Set 2 keyboard: Applying InputClass "libinput keyboard catchall"
[    28.382] (II) Using input driver 'libinput' for 'AT Translated Set 2 keyboard'
[    28.383] (II) systemd-logind: got fd for /dev/input/event3 13:67 fd 36 paused 0
[    28.383] (**) AT Translated Set 2 keyboard: always reports core events
[    28.383] (**) Option "Device" "/dev/input/event3"
[    28.383] (**) Option "_source" "server/udev"
[    28.384] (II) event3  - AT Translated Set 2 keyboard: is tagged by udev as: Keyboard
[    28.384] (II) event3  - AT Translated Set 2 keyboard: device is a keyboard
[    28.385] (II) event3  - AT Translated Set 2 keyboard: device removed
[    28.385] (**) Option "config_info" "udev:/sys/devices/platform/i8042/serio0/input/input3/event3"
[    28.385] (II) XINPUT: Adding extended input device "AT Translated Set 2 keyboard" (type: KEYBOARD, id 14)
[    28.385] (**) Option "xkb_model" "pc105"
[    28.385] (**) Option "xkb_layout" "us"
[    28.387] (II) event3  - AT Translated Set 2 keyboard: is tagged by udev as: Keyboard
[    28.387] (II) event3  - AT Translated Set 2 keyboard: device is a keyboard
[    28.389] (II) config/udev: Adding input device PS/2 Generic Mouse (/dev/input/event4)
[    28.389] (**) PS/2 Generic Mouse: Applying InputClass "libinput pointer catchall"
[    28.389] (II) Using input driver 'libinput' for 'PS/2 Generic Mouse'
[    28.390] (II) systemd-logind: got fd for /dev/input/event4 13:68 fd 37 paused 0
[    28.390] (**) PS/2 Generic Mouse: always reports core events
[    28.390] (**) Option "Device" "/dev/input/event4"
[    28.390] (**) Option "_source" "server/udev"
[    28.391] (II) event4  - PS/2 Generic Mouse: is tagged by udev as: Mouse
[    28.391] (II) event4  - PS/2 Generic Mouse: device is a pointer
[    28.392] (II) event4  - PS/2 Generic Mouse: device removed
[    28.392] (**) Option "config_info" "udev:/sys/devices/platform/i8042/serio2/input/input9/event4"
[    28.392] (II) XINPUT: Adding extended input device "PS/2 Generic Mouse" (type: MOUSE, id 15)
[    28.392] (**) Option "AccelerationScheme" "none"
[    28.392] (**) PS/2 Generic Mouse: (accel) selected scheme none/0
[    28.392] (**) PS/2 Generic Mouse: (accel) acceleration factor: 2.000
[    28.392] (**) PS/2 Generic Mouse: (accel) acceleration threshold: 4
[    28.393] (II) event4  - PS/2 Generic Mouse: is tagged by udev as: Mouse
[    28.393] (II) event4  - PS/2 Generic Mouse: device is a pointer
[    28.394] (II) config/udev: Adding input device PS/2 Generic Mouse (/dev/input/mouse0)
[    28.394] (II) No input driver specified, ignoring this device.
[    28.394] (II) This device may have been added with another device file.
[    28.394] (II) config/udev: Adding input device SynPS/2 Synaptics TouchPad (/dev/input/event9)
[    28.394] (**) SynPS/2 Synaptics TouchPad: Applying InputClass "libinput touchpad catchall"
[    28.394] (II) Using input driver 'libinput' for 'SynPS/2 Synaptics TouchPad'
[    28.395] (II) systemd-logind: got fd for /dev/input/event9 13:73 fd 38 paused 0
[    28.395] (**) SynPS/2 Synaptics TouchPad: always reports core events
[    28.395] (**) Option "Device" "/dev/input/event9"
[    28.395] (**) Option "_source" "server/udev"
[    28.396] (II) event9  - SynPS/2 Synaptics TouchPad: is tagged by udev as: Touchpad
[    28.397] (II) event9  - SynPS/2 Synaptics TouchPad: device is a touchpad
[    28.397] (II) event9  - SynPS/2 Synaptics TouchPad: device removed
[    28.397] (**) Option "config_info" "udev:/sys/devices/platform/i8042/serio3/input/input10/event9"
[    28.397] (II) XINPUT: Adding extended input device "SynPS/2 Synaptics TouchPad" (type: TOUCHPAD, id 16)
[    28.398] (**) Option "AccelerationScheme" "none"
[    28.398] (**) SynPS/2 Synaptics TouchPad: (accel) selected scheme none/0
[    28.398] (**) SynPS/2 Synaptics TouchPad: (accel) acceleration factor: 2.000
[    28.398] (**) SynPS/2 Synaptics TouchPad: (accel) acceleration threshold: 4
[    28.399] (II) event9  - SynPS/2 Synaptics TouchPad: is tagged by udev as: Touchpad
[    28.400] (II) event9  - SynPS/2 Synaptics TouchPad: device is a touchpad
[    28.400] (II) config/udev: Adding input device SynPS/2 Synaptics TouchPad (/dev/input/mouse2)
[    28.400] (II) No input driver specified, ignoring this device.
[    28.400] (II) This device may have been added with another device file.
[    28.401] (II) config/udev: Adding input device ST LIS3LV02DL Accelerometer (/dev/input/event13)
[    28.401] (II) No input driver specified, ignoring this device.
[    28.401] (II) This device may have been added with another device file.
[    28.402] (II) config/udev: Adding input device ST LIS3LV02DL Accelerometer (/dev/input/js0)
[    28.402] (II) No input driver specified, ignoring this device.
[    28.402] (II) This device may have been added with another device file.
[    28.404] (II) config/udev: Adding input device HP Wireless hotkeys (/dev/input/event10)
[    28.404] (**) HP Wireless hotkeys: Applying InputClass "libinput keyboard catchall"
[    28.404] (II) Using input driver 'libinput' for 'HP Wireless hotkeys'
[    28.405] (II) systemd-logind: got fd for /dev/input/event10 13:74 fd 39 paused 0
[    28.405] (**) HP Wireless hotkeys: always reports core events
[    28.405] (**) Option "Device" "/dev/input/event10"
[    28.405] (**) Option "_source" "server/udev"
[    28.406] (II) event10 - HP Wireless hotkeys: is tagged by udev as: Keyboard
[    28.406] (II) event10 - HP Wireless hotkeys: device is a keyboard
[    28.406] (II) event10 - HP Wireless hotkeys: device removed
[    28.406] (**) Option "config_info" "udev:/sys/devices/virtual/input/input16/event10"
[    28.406] (II) XINPUT: Adding extended input device "HP Wireless hotkeys" (type: KEYBOARD, id 17)
[    28.406] (**) Option "xkb_model" "pc105"
[    28.406] (**) Option "xkb_layout" "us"
[    28.407] (II) event10 - HP Wireless hotkeys: is tagged by udev as: Keyboard
[    28.407] (II) event10 - HP Wireless hotkeys: device is a keyboard
[    28.407] (II) config/udev: Adding input device HP WMI hotkeys (/dev/input/event11)
[    28.407] (**) HP WMI hotkeys: Applying InputClass "libinput keyboard catchall"
[    28.407] (II) Using input driver 'libinput' for 'HP WMI hotkeys'
[    28.408] (II) systemd-logind: got fd for /dev/input/event11 13:75 fd 40 paused 0
[    28.408] (**) HP WMI hotkeys: always reports core events
[    28.408] (**) Option "Device" "/dev/input/event11"
[    28.408] (**) Option "_source" "server/udev"
[    28.409] (II) event11 - HP WMI hotkeys: is tagged by udev as: Keyboard Switch
[    28.409] (II) event11 - HP WMI hotkeys: device is a keyboard
[    28.409] (II) event11 - HP WMI hotkeys: device removed
[    28.409] (**) Option "config_info" "udev:/sys/devices/virtual/input/input17/event11"
[    28.409] (II) XINPUT: Adding extended input device "HP WMI hotkeys" (type: KEYBOARD, id 18)
[    28.409] (**) Option "xkb_model" "pc105"
[    28.409] (**) Option "xkb_layout" "us"
[    28.410] (II) event11 - HP WMI hotkeys: is tagged by udev as: Keyboard Switch
[    28.410] (II) event11 - HP WMI hotkeys: device is a keyboard
[    28.430] (**) Telink Wireless Receiver Consumer Control: Applying InputClass "libinput keyboard catchall"
[    28.430] (II) Using input driver 'libinput' for 'Telink Wireless Receiver Consumer Control'
[    28.431] (II) systemd-logind: returning pre-existing fd for /dev/input/event6 13:70
[    28.431] (**) Telink Wireless Receiver Consumer Control: always reports core events
[    28.431] (**) Option "Device" "/dev/input/event6"
[    28.431] (**) Option "_source" "_driver/libinput"
[    28.431] (II) libinput: Telink Wireless Receiver Consumer Control: is a virtual subdevice
[    28.431] (**) Option "config_info" "udev:/sys/devices/pci0000:00/0000:00:14.0/usb1/1-2/1-2:1.0/0003:248A:8514.0001/input/input12/event6"
[    28.431] (II) XINPUT: Adding extended input device "Telink Wireless Receiver Consumer Control" (type: KEYBOARD, id 19)
[    28.431] (**) Option "xkb_model" "pc105"
[    28.431] (**) Option "xkb_layout" "us"
[    29.056] (II) modeset(0): EDID vendor "AUO", prod id 11836
[    29.056] (II) modeset(0): Printing DDC gathered Modelines:
[    29.056] (II) modeset(0): Modeline "1366x768"x0.0   76.30  1366 1404 1426 1592  768 771 777 798 -hsync -vsync (47.9 kHz eP)
[    29.056] (II) modeset(0): Modeline "1366x768"x0.0   50.87  1366 1404 1426 1592  768 771 777 798 -hsync -vsync (32.0 kHz e)
