[2021-11-30 14:11:14.208] [exthost] [info] Extension host with pid 3118 started
[2021-11-30 14:11:14.208] [exthost] [info] Skipping acquiring lock for /home/abdijabar/.config/Code/User/workspaceStorage/b15ea218e9129fa72ace5d81eaeeab2b.
[2021-11-30 14:11:14.381] [exthost] [info] ExtensionService#_doActivateExtension vscode.microsoft-authentication, startup: false, activationEvent: 'onAuthenticationRequest:microsoft'
[2021-11-30 14:11:14.389] [exthost] [info] ExtensionService#_doActivateExtension vscode.debug-auto-launch, startup: true, activationEvent: '*'
[2021-11-30 14:11:14.391] [exthost] [info] ExtensionService#_doActivateExtension vscode.git, startup: true, activationEvent: '*', root cause: vscode.github
[2021-11-30 14:11:14.405] [exthost] [info] ExtensionService#_doActivateExtension ritwickdey.LiveServer, startup: true, activationEvent: '*'
[2021-11-30 14:11:14.696] [exthost] [info] ExtensionService#_doActivateExtension vscode.github, startup: true, activationEvent: '*'
[2021-11-30 14:11:14.735] [exthost] [info] Eager extensions activated
[2021-11-30 14:11:14.739] [exthost] [info] ExtensionService#_doActivateExtension vscode.merge-conflict, startup: false, activationEvent: 'onStartupFinished'
[2021-11-30 14:11:14.749] [exthost] [info] ExtensionService#_doActivateExtension vscode.github-authentication, startup: false, activationEvent: 'onAuthenticationRequest:github'
[2021-11-30 14:11:59.421] [exthost] [info] extension host terminating: renderer closed the socket
[2021-11-30 14:11:59.837] [exthost] [info] Extension host with pid 3211 started
[2021-11-30 14:11:59.837] [exthost] [info] Skipping acquiring lock for /home/abdijabar/.config/Code/User/workspaceStorage/b15ea218e9129fa72ace5d81eaeeab2b.
[2021-11-30 14:11:59.867] [exthost] [info] ExtensionService#_doActivateExtension vscode.microsoft-authentication, startup: false, activationEvent: 'onAuthenticationRequest:microsoft'
[2021-11-30 14:11:59.874] [exthost] [info] ExtensionService#_doActivateExtension vscode.github-authentication, startup: false, activationEvent: 'onAuthenticationRequest:github'
[2021-11-30 14:11:59.880] [exthost] [info] ExtensionService#_doActivateExtension vscode.debug-auto-launch, startup: true, activationEvent: '*'
[2021-11-30 14:11:59.881] [exthost] [info] ExtensionService#_doActivateExtension vscode.git, startup: true, activationEvent: '*', root cause: vscode.github
[2021-11-30 14:11:59.896] [exthost] [info] ExtensionService#_doActivateExtension ritwickdey.LiveServer, startup: true, activationEvent: '*'
[2021-11-30 14:12:00.120] [exthost] [info] ExtensionService#_doActivateExtension vscode.github, startup: true, activationEvent: '*'
[2021-11-30 14:12:00.129] [exthost] [info] Eager extensions activated
[2021-11-30 14:12:00.135] [exthost] [info] ExtensionService#_doActivateExtension vscode.merge-conflict, startup: false, activationEvent: 'onStartupFinished'
[2021-11-30 14:12:00.425] [exthost] [info] Extension host with pid 3118 exiting with code 0
[2021-11-30 14:14:26.169] [exthost] [info] extension host terminating: renderer closed the socket
[2021-11-30 14:14:27.172] [exthost] [info] Extension host with pid 3211 exiting with code 0
